Arguments: 
  /usr/bin/node /usr/share/yarn/bin/yarn.js add botstrap-growl-ifightcrime

PATH: 
  /home/arthur/.rvm/gems/ruby-2.7.2/bin:/home/arthur/.rvm/gems/ruby-2.7.2@global/bin:/home/arthur/.rvm/rubies/ruby-2.7.2/bin:/home/arthur/.rvm/bin:/home/arthur/.rbenv/shims:/home/arthur/.rbenv/bin:/usr/local/sbin:/usr/local/bin:/usr/sbin:/usr/bin:/sbin:/bin:/usr/games:/usr/local/games:/usr/lib/wsl/lib:/mnt/c/Program Files/Common Files/Oracle/Java/javapath:/mnt/c/WINDOWS/system32:/mnt/c/WINDOWS:/mnt/c/WINDOWS/System32/Wbem:/mnt/c/WINDOWS/System32/WindowsPowerShell/v1.0:/mnt/c/WINDOWS/System32/OpenSSH:/mnt/c/Program Files/Microsoft SQL Server/Client SDK/ODBC/110/Tools/Binn:/mnt/c/Program Files (x86)/Microsoft SQL Server/120/Tools/Binn:/mnt/c/Program Files/Microsoft SQL Server/120/Tools/Binn:/mnt/c/Program Files/Microsoft SQL Server/120/DTS/Binn:/mnt/c/Program Files (x86)/Microsoft SQL Server/120/Tools/Binn/ManagementStudio:/mnt/c/Program Files (x86)/Microsoft SQL Server/120/DTS/Binn:/mnt/c/Program Files/nodejs:/mnt/c/HashiCorp/Vagrant/bin:/mnt/c/Program Files/Git/cmd:/mnt/c/Program Files/Git/mingw64/bin:/mnt/c/Program Files/Git/usr/bin:/mnt/c/Program Files/PuTTY:/mnt/c/Program Files/MySQL/MySQL Shell 8.0/bin:/mnt/c/Users/thies/AppData/Local/Microsoft/WindowsApps:/mnt/c/src/Flutter/bin:/mnt/c/Users/thies/AppData/Roaming/npm:/mnt/c/Users/thies/AppData/Local/Programs/Microsoft VS Code/bin:/snap/bin

Yarn version: 
  1.22.17

Node version: 
  14.18.3

Platform: 
  linux x64

Trace: 
  Error: https://registry.yarnpkg.com/botstrap-growl-ifightcrime: Not found
      at Request.params.callback [as _callback] (/usr/share/yarn/lib/cli.js:67029:18)
      at Request.self.callback (/usr/share/yarn/lib/cli.js:140883:22)
      at Request.emit (events.js:400:28)
      at Request.<anonymous> (/usr/share/yarn/lib/cli.js:141855:10)
      at Request.emit (events.js:400:28)
      at IncomingMessage.<anonymous> (/usr/share/yarn/lib/cli.js:141777:12)
      at Object.onceWrapper (events.js:519:28)
      at IncomingMessage.emit (events.js:412:35)
      at endReadableNT (internal/streams/readable.js:1334:12)
      at processTicksAndRejections (internal/process/task_queues.js:82:21)

npm manifest: 
  {
    "name": "time_to_answer",
    "private": true,
    "dependencies": {
      "bootstrap": "3.3.7",
      "fastclick": "1.0.6",
      "font-awesome": "4.6.3",
      "jquery": "3.3.1",
      "malihu-custom-scrollbar-plugin": "3.1.3",
      "metismenu": "3.0.3",
      "nprogress": "0.2.0"
    },
    "version": "1.0.0",
    "main": "index.js",
    "repository": "https://github.com/ArthurMarianoNeto/time_to_answer.git",
    "author": "Arthur Mariano <thiesto@gmail.com>",
    "license": "MIT"
  }

yarn manifest: 
  No manifest

Lockfile: 
  # THIS IS AN AUTOGENERATED FILE. DO NOT EDIT THIS FILE DIRECTLY.
  # yarn lockfile v1
  
  
  bootstrap@3.3.7:
    version "3.3.7"
    resolved "https://registry.yarnpkg.com/bootstrap/-/bootstrap-3.3.7.tgz#5a389394549f23330875a3b150656574f8a9eb71"
    integrity sha1-WjiTlFSfIzMIdaOxUGVldPip63E=
  
  fastclick@1.0.6:
    version "1.0.6"
    resolved "https://registry.yarnpkg.com/fastclick/-/fastclick-1.0.6.tgz#161625b27b1a5806405936bda9a2c1926d06be6a"
    integrity sha1-FhYlsnsaWAZAWTa9qaLBkm0Gvmo=
  
  font-awesome@4.6.3:
    version "4.6.3"
    resolved "https://registry.yarnpkg.com/font-awesome/-/font-awesome-4.6.3.tgz#86933651540ee00874c664017f50f2172f6531a2"
    integrity sha1-hpM2UVQO4Ah0xmQBf1DyFy9lMaI=
  
  jquery-mousewheel@>=3.0.6:
    version "3.1.13"
    resolved "https://registry.yarnpkg.com/jquery-mousewheel/-/jquery-mousewheel-3.1.13.tgz#06f0335f16e353a695e7206bf50503cb523a6ee5"
    integrity sha1-BvAzXxbjU6aV5yBr9QUDy1I6buU=
  
  jquery@3.3.1:
    version "3.3.1"
    resolved "https://registry.yarnpkg.com/jquery/-/jquery-3.3.1.tgz#958ce29e81c9790f31be7792df5d4d95fc57fbca"
    integrity sha512-Ubldcmxp5np52/ENotGxlLe6aGMvmF4R8S6tZjsP6Knsaxd/xp3Zrh50cG93lR6nPXyUFwzN3ZSOQI0wRJNdGg==
  
  malihu-custom-scrollbar-plugin@3.1.3:
    version "3.1.3"
    resolved "https://registry.yarnpkg.com/malihu-custom-scrollbar-plugin/-/malihu-custom-scrollbar-plugin-3.1.3.tgz#2ec26d51df223c251e586fc6662702953bf026f1"
    integrity sha1-LsJtUd8iPCUeWG/GZicClTvwJvE=
    dependencies:
      jquery-mousewheel ">=3.0.6"
  
  metismenu@3.0.3:
    version "3.0.3"
    resolved "https://registry.yarnpkg.com/metismenu/-/metismenu-3.0.3.tgz#961e4c9469144d5078f6228b6e049e58f3137140"
    integrity sha512-nd3+yxSivGG0a5JZJxzlbXQv9aovf1yLjIYfa/s49PrvgTLlJsoe90kw9RbA6RPbPatJxENX0CegX4Hlbfaw8w==
  
  nprogress@0.2.0:
    version "0.2.0"
    resolved "https://registry.yarnpkg.com/nprogress/-/nprogress-0.2.0.tgz#cb8f34c53213d895723fcbab907e9422adbcafb1"
    integrity sha1-y480xTIT2JVyP8urkH6UIq28r7E=
